20:44:53.750 ARDOPC Version 1.0.4.1j-BPQ
20:44:53.751 ARDOPC listening on port 8515
20:44:53.751 Capture Devices

20:44:53.797 Card 0, ID `ALSA', name `bcm2835 ALSA'
20:44:53.797 
20:44:53.798 Card 1, ID `CODEC', name `USB audio CODEC'
20:44:53.798   Device hw:1,0 ID `USB Audio', name `USB Audio', 1 subdevices (1 available)
20:44:53.798     1 channel,  sampling rate 8000..48000 Hz
20:44:53.798 
20:44:53.800 Playback Devices

20:44:53.801 Card 0, ID `ALSA', name `bcm2835 ALSA'
20:44:53.801   Device hw:0,0 ID `bcm2835 ALSA', name `bcm2835 ALSA', 7 subdevices (7 available)
20:44:53.802     1..2 channels, sampling rate 8000..192000 Hz
20:44:53.802   Device hw:0,1 ID `bcm2835 IEC958/HDMI', name `bcm2835 IEC958/HDMI', 1 subdevices (1 available)
20:44:53.803     2..8 channels, sampling rate 44100..192000 Hz
20:44:53.803   Device hw:0,2 ID `bcm2835 IEC958/HDMI1', name `bcm2835 IEC958/HDMI1', 1 subdevices (1 available)
20:44:53.804     2..8 channels, sampling rate 44100..192000 Hz
20:44:53.805 
20:44:53.806 Card 1, ID `CODEC', name `USB audio CODEC'
20:44:53.806   Device hw:1,0 ID `USB Audio', name `USB Audio', 1 subdevices (1 available)
20:44:53.806     1..2 channels, sampling rate 8000..48000 Hz
20:44:53.807 
20:44:53.808 Opening Playback Device plughw:1,0 Rate 12000
20:44:53.859 Opening Capture Device plughw:1,0 Rate 12000
20:44:53.975 ARDOPC listening on port 8515
20:45:03.800 Input peaks = -122, 156
20:45:13.861 Input peaks = -156, 245
20:45:23.920 Input peaks = -131, 111
20:45:33.970 Input peaks = -158, 216
