21:06:28.024 ARDOPC Version 1.0.4.1j-BPQ
21:06:28.024 ARDOPC listening on port 8515
21:06:28.025 Capture Devices

21:06:28.052 Card 0, ID `ALSA', name `bcm2835 ALSA'
21:06:28.052 
21:06:28.052 Card 1, ID `CODEC', name `USB audio CODEC'
21:06:28.052   Device hw:1,0 ID `USB Audio', name `USB Audio', 1 subdevices (1 available)
21:06:28.052     1 channel,  sampling rate 8000..48000 Hz
21:06:28.052 
21:06:28.053 Playback Devices

21:06:28.053 Card 0, ID `ALSA', name `bcm2835 ALSA'
21:06:28.053   Device hw:0,0 ID `bcm2835 ALSA', name `bcm2835 ALSA', 7 subdevices (7 available)
21:06:28.053     1..2 channels, sampling rate 8000..192000 Hz
21:06:28.053   Device hw:0,1 ID `bcm2835 IEC958/HDMI', name `bcm2835 IEC958/HDMI', 1 subdevices (1 available)
21:06:28.054     2..8 channels, sampling rate 44100..192000 Hz
21:06:28.054   Device hw:0,2 ID `bcm2835 IEC958/HDMI1', name `bcm2835 IEC958/HDMI1', 1 subdevices (1 available)
21:06:28.054     2..8 channels, sampling rate 44100..192000 Hz
21:06:28.054 
21:06:28.054 Card 1, ID `CODEC', name `USB audio CODEC'
21:06:28.054   Device hw:1,0 ID `USB Audio', name `USB Audio', 1 subdevices (1 available)
21:06:28.055     1..2 channels, sampling rate 8000..48000 Hz
21:06:28.055 
21:06:28.055 Opening Playback Device plughw:1,0 Rate 12000
21:06:28.088 Opening Capture Device plughw:1,0 Rate 12000
21:06:28.204 ARDOPC listening on port 8515
21:06:38.073 Input peaks = -115, 111
21:06:48.132 Input peaks = -108, 130
21:18:12.199 ARDOPC Version 1.0.4.1j-BPQ
21:18:12.199 ARDOPC listening on port 8515
21:18:12.199 Capture Devices

21:18:12.219 Card 0, ID `ALSA', name `bcm2835 ALSA'
21:18:12.219 
21:18:12.219 Card 1, ID `CODEC', name `USB audio CODEC'
21:18:12.219   Device hw:1,0 ID `USB Audio', name `USB Audio', 1 subdevices (1 available)
21:18:12.219     1 channel,  sampling rate 8000..48000 Hz
21:18:12.219 
21:18:12.220 Playback Devices

21:18:12.220 Card 0, ID `ALSA', name `bcm2835 ALSA'
21:18:12.220   Device hw:0,0 ID `bcm2835 ALSA', name `bcm2835 ALSA', 7 subdevices (7 available)
21:18:12.220     1..2 channels, sampling rate 8000..192000 Hz
21:18:12.221   Device hw:0,1 ID `bcm2835 IEC958/HDMI', name `bcm2835 IEC958/HDMI', 1 subdevices (1 available)
21:18:12.221     2..8 channels, sampling rate 44100..192000 Hz
21:18:12.221   Device hw:0,2 ID `bcm2835 IEC958/HDMI1', name `bcm2835 IEC958/HDMI1', 1 subdevices (1 available)
21:18:12.221     2..8 channels, sampling rate 44100..192000 Hz
21:18:12.222 
21:18:12.222 Card 1, ID `CODEC', name `USB audio CODEC'
21:18:12.222   Device hw:1,0 ID `USB Audio', name `USB Audio', 1 subdevices (1 available)
21:18:12.222     1..2 channels, sampling rate 8000..48000 Hz
21:18:12.222 
21:18:12.223 Opening Playback Device plughw:1,0 Rate 12000
21:18:12.259 Opening Capture Device plughw:1,0 Rate 12000
21:18:12.375 ARDOPC listening on port 8515
21:18:22.265 Input peaks = -182, 209
21:18:32.326 Input peaks = -144, 120
21:18:42.384 Input peaks = -126, 137
21:20:45.723 ARDOPC Version 1.0.4.1j-BPQ
21:20:45.723 ARDOPC listening on port 8515
21:20:45.723 Capture Devices

21:20:45.741 Card 0, ID `ALSA', name `bcm2835 ALSA'
21:20:45.741 
21:20:45.741 Card 1, ID `CODEC', name `USB audio CODEC'
21:20:45.741   Device hw:1,0 ID `USB Audio', name `USB Audio', 1 subdevices (1 available)
21:20:45.741     1 channel,  sampling rate 8000..48000 Hz
21:20:45.741 
21:20:45.742 Playback Devices

21:20:45.742 Card 0, ID `ALSA', name `bcm2835 ALSA'
21:20:45.742   Device hw:0,0 ID `bcm2835 ALSA', name `bcm2835 ALSA', 7 subdevices (7 available)
21:20:45.743     1..2 channels, sampling rate 8000..192000 Hz
21:20:45.743   Device hw:0,1 ID `bcm2835 IEC958/HDMI', name `bcm2835 IEC958/HDMI', 1 subdevices (1 available)
21:20:45.743     2..8 channels, sampling rate 44100..192000 Hz
21:20:45.743   Device hw:0,2 ID `bcm2835 IEC958/HDMI1', name `bcm2835 IEC958/HDMI1', 1 subdevices (1 available)
21:20:45.743     2..8 channels, sampling rate 44100..192000 Hz
21:20:45.744 
21:20:45.744 Card 1, ID `CODEC', name `USB audio CODEC'
21:20:45.744   Device hw:1,0 ID `USB Audio', name `USB Audio', 1 subdevices (1 available)
21:20:45.744     1..2 channels, sampling rate 8000..48000 Hz
21:20:45.744 
21:20:45.745 Opening Playback Device plughw:1,0 Rate 12000
21:20:45.778 Opening Capture Device plughw:1,0 Rate 12000
21:20:45.893 ARDOPC listening on port 8515
21:20:55.783 Input peaks = -183, 138
21:21:05.844 Input peaks = -175, 126
21:21:15.903 Input peaks = -119, 123
21:22:21.185 ARDOPC Version 1.0.4.1j-BPQ
21:22:21.185 ARDOPC listening on port 8515
21:22:21.185 Capture Devices

21:22:21.207 Card 0, ID `ALSA', name `bcm2835 ALSA'
21:22:21.207 
21:22:21.207 Card 1, ID `CODEC', name `USB audio CODEC'
21:22:21.207   Device hw:1,0 ID `USB Audio', name `USB Audio', 1 subdevices (1 available)
21:22:21.208     1 channel,  sampling rate 8000..48000 Hz
21:22:21.208 
21:22:21.209 Playback Devices

21:22:21.209 Card 0, ID `ALSA', name `bcm2835 ALSA'
21:22:21.209   Device hw:0,0 ID `bcm2835 ALSA', name `bcm2835 ALSA', 7 subdevices (7 available)
21:22:21.210     1..2 channels, sampling rate 8000..192000 Hz
21:22:21.210   Device hw:0,1 ID `bcm2835 IEC958/HDMI', name `bcm2835 IEC958/HDMI', 1 subdevices (1 available)
21:22:21.210     2..8 channels, sampling rate 44100..192000 Hz
21:22:21.210   Device hw:0,2 ID `bcm2835 IEC958/HDMI1', name `bcm2835 IEC958/HDMI1', 1 subdevices (1 available)
21:22:21.211     2..8 channels, sampling rate 44100..192000 Hz
21:22:21.211 
21:22:21.211 Card 1, ID `CODEC', name `USB audio CODEC'
21:22:21.211   Device hw:1,0 ID `USB Audio', name `USB Audio', 1 subdevices (1 available)
21:22:21.211     1..2 channels, sampling rate 8000..48000 Hz
21:22:21.211 
21:22:21.212 Opening Playback Device plughw:1,0 Rate 12000
21:22:21.239 Opening Capture Device plughw:1,0 Rate 12000
21:22:21.354 ARDOPC listening on port 8515
21:22:31.245 Input peaks = -111, 114
21:22:41.305 Input peaks = -117, 101
21:22:51.364 Input peaks = -127, 119
21:23:01.424 Input peaks = -141, 114
21:23:11.484 Input peaks = -203, 156
21:23:21.543 Input peaks = -119, 128
21:23:31.593 Input peaks = -142, 190
21:23:41.654 Input peaks = -147, 172
21:23:51.714 Input peaks = -169, 162
21:24:01.772 Input peaks = -117, 149
21:24:34.636 ARDOPC Version 1.0.4.1j-BPQ
21:24:34.636 ARDOPC listening on port 8515
21:24:34.636 Capture Devices

21:24:34.655 Card 0, ID `ALSA', name `bcm2835 ALSA'
21:24:34.656 
21:24:34.656 Card 1, ID `CODEC', name `USB audio CODEC'
21:24:34.656   Device hw:1,0 ID `USB Audio', name `USB Audio', 1 subdevices (1 available)
21:24:34.656     1 channel,  sampling rate 8000..48000 Hz
21:24:34.656 
21:24:34.657 Playback Devices

21:24:34.657 Card 0, ID `ALSA', name `bcm2835 ALSA'
21:24:34.657   Device hw:0,0 ID `bcm2835 ALSA', name `bcm2835 ALSA', 7 subdevices (7 available)
21:24:34.658     1..2 channels, sampling rate 8000..192000 Hz
21:24:34.658   Device hw:0,1 ID `bcm2835 IEC958/HDMI', name `bcm2835 IEC958/HDMI', 1 subdevices (1 available)
21:24:34.658     2..8 channels, sampling rate 44100..192000 Hz
21:24:34.658   Device hw:0,2 ID `bcm2835 IEC958/HDMI1', name `bcm2835 IEC958/HDMI1', 1 subdevices (1 available)
21:24:34.659     2..8 channels, sampling rate 44100..192000 Hz
21:24:34.659 
21:24:34.659 Card 1, ID `CODEC', name `USB audio CODEC'
21:24:34.659   Device hw:1,0 ID `USB Audio', name `USB Audio', 1 subdevices (1 available)
21:24:34.660     1..2 channels, sampling rate 8000..48000 Hz
21:24:34.660 
21:24:34.660 Opening Playback Device plughw:1,0 Rate 12000
21:24:34.689 Opening Capture Device plughw:1,0 Rate 12000
21:24:34.804 ARDOPC listening on port 8515
21:24:44.694 Input peaks = -143, 160
21:24:54.755 Input peaks = -147, 142
21:25:04.814 Input peaks = -139, 176
21:25:14.874 Input peaks = -121, 162
21:25:24.934 Input peaks = -146, 170
21:25:29.293 Host Control Session Connected
21:25:29.294 Host Data Session Connected
21:25:29.295 [Command Trace FROM host: INITIALIZE
21:25:29.295  Command Trace TO Host BUFFER 0
21:25:29.296  Command Trace TO Host INITIALIZE
21:25:29.299 [Command Trace FROM host: STATE
21:25:29.300  Command Trace TO Host STATE DISC
21:25:29.301 [Command Trace FROM host: PROTOCOLMODE ARQ
21:25:29.301  Command Trace TO Host PROTOCOLMODE now ARQ
21:25:29.303 [Command Trace FROM host: ARQTIMEOUT 90
21:25:29.303  Command Trace TO Host ARQTIMEOUT now 90
21:25:29.304 [Command Trace FROM host: LISTEN FALSE
21:25:29.304  Command Trace TO Host LISTEN now FALSE
21:25:29.305 [Command Trace FROM host: MYCALL KB3YBE
21:25:29.306  Command Trace TO Host MYCALL now KB3YBE
21:25:29.307 [Command Trace FROM host: GRIDSQUARE FN20IR
21:25:29.307  Command Trace TO Host GRIDSQUARE now FN20IR
21:25:29.308 [Command Trace FROM host: ARQBW 500MAX
21:25:29.308  Command Trace TO Host ARQBW now 500MAX
21:25:29.310 [Command Trace FROM host: CWID TRUE
21:25:29.310  Command Trace TO Host CWID now TRUE
21:25:29.311 [Command Trace FROM host: VERSION
21:25:29.311  Command Trace TO Host VERSION ARDOP TNC_1.0.4.1j-BPQ
21:25:32.329 [Command Trace FROM host: ARQCALL K0SI 10
21:25:32.329  Command Trace TO Host ARQCALL K0SI 10
21:25:32.331  Command Trace TO Host NEWSTATE ISS 
21:25:32.331 [SendARQConnectRequest] strMycall=KB3YBE  strTargetCall=K0SI bytPendingSessionID=73
21:25:32.331 Sending Frame Type ConReq500M
21:25:32.331 [Main.KeyPTT]  PTT-TRUE
21:25:34.226 [Main.KeyPTT]  PTT-FALSE
21:25:36.226 Repeating Last Frame
21:25:36.226 Sending Frame Type ConReq500M
21:25:36.227 [Main.KeyPTT]  PTT-TRUE
21:25:38.126 [Main.KeyPTT]  PTT-FALSE
21:25:38.145 Input peaks = -157, 167
21:25:40.126 Repeating Last Frame
21:25:40.126 Sending Frame Type ConReq500M
21:25:40.126 [Main.KeyPTT]  PTT-TRUE
21:25:42.025 [Main.KeyPTT]  PTT-FALSE
21:25:44.026 Repeating Last Frame
21:25:44.026 Sending Frame Type ConReq500M
21:25:44.027 [Main.KeyPTT]  PTT-TRUE
21:25:45.924 [Main.KeyPTT]  PTT-FALSE
21:25:47.925 Repeating Last Frame
21:25:47.925 Sending Frame Type ConReq500M
21:25:47.925 [Main.KeyPTT]  PTT-TRUE
21:25:49.826 [Main.KeyPTT]  PTT-FALSE
21:25:49.845 Input peaks = -173, 111
21:25:51.827 Repeating Last Frame
21:25:51.827 Sending Frame Type ConReq500M
21:25:51.828 [Main.KeyPTT]  PTT-TRUE
21:25:51.828 cannot open playback audio device plughw:1,0 (Device or resource busy)
21:25:51.832 [Main.KeyPTT]  PTT-FALSE
21:25:53.833 Repeating Last Frame
21:25:53.833 Sending Frame Type ConReq500M
21:25:53.833 [Main.KeyPTT]  PTT-TRUE
21:25:53.834 cannot open playback audio device plughw:1,0 (Device or resource busy)
21:25:53.843 [Main.KeyPTT]  PTT-FALSE
21:25:55.844 Repeating Last Frame
21:25:55.844 Sending Frame Type ConReq500M
21:25:55.845 [Main.KeyPTT]  PTT-TRUE
21:25:55.845 cannot open playback audio device plughw:1,0 (Device or resource busy)
21:25:55.855 [Main.KeyPTT]  PTT-FALSE
21:25:57.857 Repeating Last Frame
21:25:57.858 Sending Frame Type ConReq500M
21:25:57.858 [Main.KeyPTT]  PTT-TRUE
21:25:57.858 cannot open playback audio device plughw:1,0 (Device or resource busy)
21:25:57.868 [Main.KeyPTT]  PTT-FALSE
21:25:59.869 Repeating Last Frame
21:25:59.869 Sending Frame Type ConReq500M
21:25:59.869 [Main.KeyPTT]  PTT-TRUE
21:25:59.870 cannot open playback audio device plughw:1,0 (Device or resource busy)
21:25:59.879 [Main.KeyPTT]  PTT-FALSE
21:25:59.895 Input peaks = -133, 134
21:26:01.880  Command Trace TO Host BUFFER 0
21:26:01.880  Command Trace TO Host BUFFER 0
21:26:01.881  Command Trace TO Host NEWSTATE DISC 
21:26:01.881  Command Trace TO Host STATUS CONNECT TO K0SI FAILED!
21:26:09.954 Input peaks = -127, 124
21:26:12.684 [Command Trace FROM host: VERSION
21:26:12.685  Command Trace TO Host VERSION ARDOP TNC_1.0.4.1j-BPQ
21:26:15.705 [Command Trace FROM host: ARQCALL K0SI 10
21:26:15.705  Command Trace TO Host ARQCALL K0SI 10
21:26:15.706  Command Trace TO Host NEWSTATE ISS 
21:26:15.706 [SendARQConnectRequest] strMycall=KB3YBE  strTargetCall=K0SI bytPendingSessionID=73
21:26:15.706 Sending Frame Type ConReq500M
21:26:15.707 [Main.KeyPTT]  PTT-TRUE
21:26:15.708 cannot open playback audio device plughw:1,0 (Device or resource busy)
21:26:15.717 [Main.KeyPTT]  PTT-FALSE
21:26:17.718 Repeating Last Frame
21:26:17.718 Sending Frame Type ConReq500M
21:26:17.718 [Main.KeyPTT]  PTT-TRUE
21:26:17.719 cannot open playback audio device plughw:1,0 (Device or resource busy)
21:26:17.729 [Main.KeyPTT]  PTT-FALSE
21:26:19.730 Repeating Last Frame
21:26:19.730 Sending Frame Type ConReq500M
21:26:19.730 [Main.KeyPTT]  PTT-TRUE
21:26:19.731 cannot open playback audio device plughw:1,0 (Device or resource busy)
21:26:19.740 [Main.KeyPTT]  PTT-FALSE
21:26:20.015 Input peaks = -126, 153
21:26:21.743 Repeating Last Frame
21:26:21.743 Sending Frame Type ConReq500M
21:26:21.743 [Main.KeyPTT]  PTT-TRUE
21:26:21.744 cannot open playback audio device plughw:1,0 (Device or resource busy)
21:26:21.754 [Main.KeyPTT]  PTT-FALSE
21:26:23.755 Repeating Last Frame
21:26:23.755 Sending Frame Type ConReq500M
21:26:23.756 [Main.KeyPTT]  PTT-TRUE
21:26:23.756 cannot open playback audio device plughw:1,0 (Device or resource busy)
21:26:23.760 [Main.KeyPTT]  PTT-FALSE
21:26:25.761 Repeating Last Frame
21:26:25.761 Sending Frame Type ConReq500M
21:26:25.761 [Main.KeyPTT]  PTT-TRUE
21:26:25.762 cannot open playback audio device plughw:1,0 (Device or resource busy)
21:26:25.772 [Main.KeyPTT]  PTT-FALSE
21:26:27.773 Repeating Last Frame
21:26:27.773 Sending Frame Type ConReq500M
21:26:27.773 [Main.KeyPTT]  PTT-TRUE
21:26:27.774 cannot open playback audio device plughw:1,0 (Device or resource busy)
21:26:27.783 [Main.KeyPTT]  PTT-FALSE
21:26:29.784 Repeating Last Frame
21:26:29.784 Sending Frame Type ConReq500M
21:26:29.784 [Main.KeyPTT]  PTT-TRUE
21:26:29.785 cannot open playback audio device plughw:1,0 (Device or resource busy)
21:26:29.794 [Main.KeyPTT]  PTT-FALSE
21:26:30.074 Input peaks = -144, 138
21:26:31.795 Repeating Last Frame
21:26:31.795 Sending Frame Type ConReq500M
21:26:31.795 [Main.KeyPTT]  PTT-TRUE
21:26:31.796 cannot open playback audio device plughw:1,0 (Device or resource busy)
21:26:31.805 [Main.KeyPTT]  PTT-FALSE
21:26:33.806 Repeating Last Frame
21:26:33.806 Sending Frame Type ConReq500M
21:26:33.806 [Main.KeyPTT]  PTT-TRUE
21:26:33.807 cannot open playback audio device plughw:1,0 (Device or resource busy)
21:26:33.816 [Main.KeyPTT]  PTT-FALSE
21:26:35.817  Command Trace TO Host BUFFER 0
21:26:35.817  Command Trace TO Host BUFFER 0
21:26:35.818  Command Trace TO Host NEWSTATE DISC 
21:26:35.818  Command Trace TO Host STATUS CONNECT TO K0SI FAILED!
21:26:40.135 Input peaks = -178, 132
21:26:47.331 ARDOPC Version 1.0.4.1j-BPQ
21:26:47.331 ARDOPC listening on port 8515
21:26:47.331 Capture Devices

21:26:47.349 Card 0, ID `ALSA', name `bcm2835 ALSA'
21:26:47.349 
21:26:47.350 Card 1, ID `CODEC', name `USB audio CODEC'
21:26:47.350   Device hw:1,0 ID `USB Audio', name `USB Audio', 1 subdevices (1 available)
21:26:47.350     1 channel,  sampling rate 8000..48000 Hz
21:26:47.350 
21:26:47.350 Playback Devices

21:26:47.351 Card 0, ID `ALSA', name `bcm2835 ALSA'
21:26:47.351   Device hw:0,0 ID `bcm2835 ALSA', name `bcm2835 ALSA', 7 subdevices (7 available)
21:26:47.351     1..2 channels, sampling rate 8000..192000 Hz
21:26:47.351   Device hw:0,1 ID `bcm2835 IEC958/HDMI', name `bcm2835 IEC958/HDMI', 1 subdevices (1 available)
21:26:47.351     2..8 channels, sampling rate 44100..192000 Hz
21:26:47.351   Device hw:0,2 ID `bcm2835 IEC958/HDMI1', name `bcm2835 IEC958/HDMI1', 1 subdevices (1 available)
21:26:47.352     2..8 channels, sampling rate 44100..192000 Hz
21:26:47.352 
21:26:47.352 Card 1, ID `CODEC', name `USB audio CODEC'
21:26:47.352   Device hw:1,0 ID `USB Audio', name `USB Audio', 1 subdevices (1 available)
21:26:47.352     1..2 channels, sampling rate 8000..48000 Hz
21:26:47.352 
21:26:47.353 Opening Playback Device plughw:1,0 Rate 12000
21:26:47.379 Opening Capture Device plughw:1,0 Rate 12000
21:26:47.495 ARDOPC listening on port 8515
21:26:53.944 Host Control Session Connected
21:26:53.944 Host Data Session Connected
21:26:53.945 [Command Trace FROM host: INITIALIZE
21:26:53.945  Command Trace TO Host BUFFER 0
21:26:53.945  Command Trace TO Host INITIALIZE
21:26:53.947 [Command Trace FROM host: STATE
21:26:53.947  Command Trace TO Host STATE DISC
21:26:53.948 [Command Trace FROM host: PROTOCOLMODE ARQ
21:26:53.948  Command Trace TO Host PROTOCOLMODE now ARQ
21:26:53.950 [Command Trace FROM host: ARQTIMEOUT 90
21:26:53.950  Command Trace TO Host ARQTIMEOUT now 90
21:26:53.951 [Command Trace FROM host: LISTEN FALSE
21:26:53.951  Command Trace TO Host LISTEN now FALSE
21:26:53.953 [Command Trace FROM host: MYCALL KB3YBE
21:26:53.953  Command Trace TO Host MYCALL now KB3YBE
21:26:53.954 [Command Trace FROM host: GRIDSQUARE FN20IR
21:26:53.954  Command Trace TO Host GRIDSQUARE now FN20IR
21:26:53.955 [Command Trace FROM host: ARQBW 500MAX
21:26:53.956  Command Trace TO Host ARQBW now 500MAX
21:26:53.957 [Command Trace FROM host: CWID TRUE
21:26:53.957  Command Trace TO Host CWID now TRUE
21:26:53.959 [Command Trace FROM host: VERSION
21:26:53.959  Command Trace TO Host VERSION ARDOP TNC_1.0.4.1j-BPQ
21:26:56.976 [Command Trace FROM host: ARQCALL K0SI 10
21:26:56.976  Command Trace TO Host ARQCALL K0SI 10
21:26:56.978  Command Trace TO Host NEWSTATE ISS 
21:26:56.978 [SendARQConnectRequest] strMycall=KB3YBE  strTargetCall=K0SI bytPendingSessionID=73
21:26:56.978 Sending Frame Type ConReq500M
21:26:56.979 [Main.KeyPTT]  PTT-TRUE
21:26:58.862 [Main.KeyPTT]  PTT-FALSE
21:26:58.881 Input peaks = -105, 127
21:27:00.863 Repeating Last Frame
21:27:00.863 Sending Frame Type ConReq500M
21:27:00.863 [Main.KeyPTT]  PTT-TRUE
21:27:02.756 [Main.KeyPTT]  PTT-FALSE
21:27:04.757 Repeating Last Frame
21:27:04.757 Sending Frame Type ConReq500M
21:27:04.757 [Main.KeyPTT]  PTT-TRUE
21:27:06.653 [Main.KeyPTT]  PTT-FALSE
21:27:08.654 Repeating Last Frame
21:27:08.654 Sending Frame Type ConReq500M
21:27:08.655 [Main.KeyPTT]  PTT-TRUE
21:27:10.547 [Main.KeyPTT]  PTT-FALSE
21:27:10.565 Input peaks = -125, 124
21:27:12.547 Repeating Last Frame
21:27:12.547 Sending Frame Type ConReq500M
21:27:12.547 [Main.KeyPTT]  PTT-TRUE
21:27:14.412 [Main.KeyPTT]  PTT-FALSE
21:27:16.414 Repeating Last Frame
21:27:16.414 Sending Frame Type ConReq500M
21:27:16.414 [Main.KeyPTT]  PTT-TRUE
21:27:16.414 cannot open playback audio device plughw:1,0 (Device or resource busy)
21:27:16.418 [Main.KeyPTT]  PTT-FALSE
21:27:18.420 Repeating Last Frame
21:27:18.420 Sending Frame Type ConReq500M
21:27:18.420 [Main.KeyPTT]  PTT-TRUE
21:27:18.420 cannot open playback audio device plughw:1,0 (Device or resource busy)
21:27:18.424 [Main.KeyPTT]  PTT-FALSE
21:27:20.425 Repeating Last Frame
21:27:20.425 Sending Frame Type ConReq500M
21:27:20.425 [Main.KeyPTT]  PTT-TRUE
21:27:20.426 cannot open playback audio device plughw:1,0 (Device or resource busy)
21:27:20.436 [Main.KeyPTT]  PTT-FALSE
21:27:22.436 Repeating Last Frame
21:27:22.437 Sending Frame Type ConReq500M
21:27:22.437 [Main.KeyPTT]  PTT-TRUE
21:27:22.437 cannot open playback audio device plughw:1,0 (Device or resource busy)
21:27:22.441 [Main.KeyPTT]  PTT-FALSE
21:27:22.474 Input peaks = -108, 114
21:27:24.442 Repeating Last Frame
21:27:24.442 Sending Frame Type ConReq500M
21:27:24.442 [Main.KeyPTT]  PTT-TRUE
21:27:24.442 cannot open playback audio device plughw:1,0 (Device or resource busy)
21:27:24.447 [Main.KeyPTT]  PTT-FALSE
21:27:26.448  Command Trace TO Host BUFFER 0
21:27:26.449  Command Trace TO Host BUFFER 0
21:27:26.449  Command Trace TO Host NEWSTATE DISC 
21:27:26.449  Command Trace TO Host STATUS CONNECT TO K0SI FAILED!
21:27:32.535 Input peaks = -165, 130
21:27:41.431 ARDOPC Version 1.0.4.1j-BPQ
21:27:41.431 ARDOPC listening on port 8515
21:27:41.431 Capture Devices

21:27:41.449 Card 0, ID `ALSA', name `bcm2835 ALSA'
21:27:41.449 
21:27:41.449 Card 1, ID `CODEC', name `USB audio CODEC'
21:27:41.449   Device hw:1,0 ID `USB Audio', name `USB Audio', 1 subdevices (1 available)
21:27:41.450     1 channel,  sampling rate 8000..48000 Hz
21:27:41.450 
21:27:41.450 Playback Devices

21:27:41.451 Card 0, ID `ALSA', name `bcm2835 ALSA'
21:27:41.451   Device hw:0,0 ID `bcm2835 ALSA', name `bcm2835 ALSA', 7 subdevices (7 available)
21:27:41.451     1..2 channels, sampling rate 8000..192000 Hz
21:27:41.451   Device hw:0,1 ID `bcm2835 IEC958/HDMI', name `bcm2835 IEC958/HDMI', 1 subdevices (1 available)
21:27:41.451     2..8 channels, sampling rate 44100..192000 Hz
21:27:41.452   Device hw:0,2 ID `bcm2835 IEC958/HDMI1', name `bcm2835 IEC958/HDMI1', 1 subdevices (1 available)
21:27:41.452     2..8 channels, sampling rate 44100..192000 Hz
21:27:41.452 
21:27:41.452 Card 1, ID `CODEC', name `USB audio CODEC'
21:27:41.452   Device hw:1,0 ID `USB Audio', name `USB Audio', 1 subdevices (1 available)
21:27:41.452     1..2 channels, sampling rate 8000..48000 Hz
21:27:41.453 
21:27:41.453 Opening Playback Device plughw:1,0 Rate 12000
21:27:41.479 Opening Capture Device plughw:1,0 Rate 12000
21:27:41.595 ARDOPC listening on port 8515
21:27:51.485 Input peaks = -118, 123
21:27:54.400 Host Control Session Connected
21:27:54.400 Host Data Session Connected
21:27:54.400 [Command Trace FROM host: INITIALIZE
21:27:54.400  Command Trace TO Host BUFFER 0
21:27:54.400  Command Trace TO Host INITIALIZE
21:27:54.402 [Command Trace FROM host: STATE
21:27:54.402  Command Trace TO Host STATE DISC
21:27:54.403 [Command Trace FROM host: PROTOCOLMODE ARQ
21:27:54.403  Command Trace TO Host PROTOCOLMODE now ARQ
21:27:54.404 [Command Trace FROM host: ARQTIMEOUT 90
21:27:54.404  Command Trace TO Host ARQTIMEOUT now 90
21:27:54.406 [Command Trace FROM host: LISTEN FALSE
21:27:54.406  Command Trace TO Host LISTEN now FALSE
21:27:54.407 [Command Trace FROM host: MYCALL KB3YBE
21:27:54.407  Command Trace TO Host MYCALL now KB3YBE
21:27:54.409 [Command Trace FROM host: GRIDSQUARE FN20IR
21:27:54.409  Command Trace TO Host GRIDSQUARE now FN20IR
21:27:54.410 [Command Trace FROM host: ARQBW 500MAX
21:27:54.411  Command Trace TO Host ARQBW now 500MAX
21:27:54.412 [Command Trace FROM host: CWID TRUE
21:27:54.412  Command Trace TO Host CWID now TRUE
21:27:54.413 [Command Trace FROM host: VERSION
21:27:54.413  Command Trace TO Host VERSION ARDOP TNC_1.0.4.1j-BPQ
21:27:57.430 [Command Trace FROM host: ARQCALL K0SI 10
21:27:57.431  Command Trace TO Host ARQCALL K0SI 10
21:27:57.433  Command Trace TO Host NEWSTATE ISS 
21:27:57.433 [SendARQConnectRequest] strMycall=KB3YBE  strTargetCall=K0SI bytPendingSessionID=73
21:27:57.433 Sending Frame Type ConReq500M
21:27:57.433 [Main.KeyPTT]  PTT-TRUE
21:27:59.327 [Main.KeyPTT]  PTT-FALSE
21:28:01.328 Repeating Last Frame
21:28:01.334 Sending Frame Type ConReq500M
21:28:01.334 [Main.KeyPTT]  PTT-TRUE
21:28:03.225 [Main.KeyPTT]  PTT-FALSE
21:28:03.243 Input peaks = -147, 135
21:28:05.225 Repeating Last Frame
21:28:05.225 Sending Frame Type ConReq500M
21:28:05.226 [Main.KeyPTT]  PTT-TRUE
21:28:07.124 [Main.KeyPTT]  PTT-FALSE
21:28:09.125 Repeating Last Frame
21:28:09.125 Sending Frame Type ConReq500M
21:28:09.125 [Main.KeyPTT]  PTT-TRUE
21:28:11.017 [Main.KeyPTT]  PTT-FALSE
21:28:13.018 Repeating Last Frame
21:28:13.018 Sending Frame Type ConReq500M
21:28:13.018 [Main.KeyPTT]  PTT-TRUE
21:28:14.916 [Main.KeyPTT]  PTT-FALSE
21:28:14.936 Input peaks = -146, 197
21:28:16.917 Repeating Last Frame
21:28:16.917 Sending Frame Type ConReq500M
21:28:16.917 [Main.KeyPTT]  PTT-TRUE
21:28:18.816 [Main.KeyPTT]  PTT-FALSE
21:28:20.817 Repeating Last Frame
21:28:20.817 Sending Frame Type ConReq500M
21:28:20.817 [Main.KeyPTT]  PTT-TRUE
21:28:22.723 [Main.KeyPTT]  PTT-FALSE
21:28:24.724 Repeating Last Frame
21:28:24.724 Sending Frame Type ConReq500M
21:28:24.724 [Main.KeyPTT]  PTT-TRUE
21:28:26.488 [Main.KeyPTT]  PTT-FALSE
21:28:28.490 Repeating Last Frame
21:28:28.490 Sending Frame Type ConReq500M
21:28:28.490 [Main.KeyPTT]  PTT-TRUE
21:28:28.490 cannot open playback audio device plughw:1,0 (Device or resource busy)
21:28:28.494 [Main.KeyPTT]  PTT-FALSE
21:28:30.495 Repeating Last Frame
21:28:30.495 Sending Frame Type ConReq500M
21:28:30.495 [Main.KeyPTT]  PTT-TRUE
21:28:30.495 cannot open playback audio device plughw:1,0 (Device or resource busy)
21:28:30.499 [Main.KeyPTT]  PTT-FALSE
21:28:32.501  Command Trace TO Host BUFFER 0
21:28:32.501  Command Trace TO Host BUFFER 0
21:28:32.502  Command Trace TO Host NEWSTATE DISC 
21:28:32.502  Command Trace TO Host STATUS CONNECT TO K0SI FAILED!
21:28:52.188 ARDOPC Version 1.0.4.1j-BPQ
21:28:52.188 ARDOPC listening on port 8515
21:28:52.188 Capture Devices

21:28:52.205 Card 0, ID `ALSA', name `bcm2835 ALSA'
21:28:52.205 
21:28:52.205 Card 1, ID `CODEC', name `USB audio CODEC'
21:28:52.205   Device hw:1,0 ID `USB Audio', name `USB Audio', 1 subdevices (1 available)
21:28:52.206     1 channel,  sampling rate 8000..48000 Hz
21:28:52.206 
21:28:52.207 Playback Devices

21:28:52.207 Card 0, ID `ALSA', name `bcm2835 ALSA'
21:28:52.207   Device hw:0,0 ID `bcm2835 ALSA', name `bcm2835 ALSA', 7 subdevices (7 available)
21:28:52.208     1..2 channels, sampling rate 8000..192000 Hz
21:28:52.208   Device hw:0,1 ID `bcm2835 IEC958/HDMI', name `bcm2835 IEC958/HDMI', 1 subdevices (1 available)
21:28:52.208     2..8 channels, sampling rate 44100..192000 Hz
21:28:52.208   Device hw:0,2 ID `bcm2835 IEC958/HDMI1', name `bcm2835 IEC958/HDMI1', 1 subdevices (1 available)
21:28:52.208     2..8 channels, sampling rate 44100..192000 Hz
21:28:52.208 
21:28:52.209 Card 1, ID `CODEC', name `USB audio CODEC'
21:28:52.209   Device hw:1,0 ID `USB Audio', name `USB Audio', 1 subdevices (1 available)
21:28:52.209     1..2 channels, sampling rate 8000..48000 Hz
21:28:52.209 
21:28:52.209 Opening Playback Device plughw:1,0 Rate 12000
21:28:52.248 Opening Capture Device plughw:1,0 Rate 12000
21:28:52.363 ARDOPC listening on port 8515
21:29:02.232 Input peaks = -134, 135
21:29:03.365 Host Control Session Connected
21:29:03.366 Host Data Session Connected
21:29:03.366 [Command Trace FROM host: INITIALIZE
21:29:03.366  Command Trace TO Host BUFFER 0
21:29:03.367  Command Trace TO Host INITIALIZE
21:29:03.368 [Command Trace FROM host: STATE
21:29:03.368  Command Trace TO Host STATE DISC
21:29:03.369 [Command Trace FROM host: PROTOCOLMODE ARQ
21:29:03.370  Command Trace TO Host PROTOCOLMODE now ARQ
21:29:03.371 [Command Trace FROM host: ARQTIMEOUT 90
21:29:03.371  Command Trace TO Host ARQTIMEOUT now 90
21:29:03.372 [Command Trace FROM host: LISTEN FALSE
21:29:03.372  Command Trace TO Host LISTEN now FALSE
21:29:03.376 [Command Trace FROM host: MYCALL KB3YBE
21:29:03.376  Command Trace TO Host MYCALL now KB3YBE
21:29:03.378 [Command Trace FROM host: GRIDSQUARE FN20IR
21:29:03.378  Command Trace TO Host GRIDSQUARE now FN20IR
21:29:03.379 [Command Trace FROM host: ARQBW 500MAX
21:29:03.379  Command Trace TO Host ARQBW now 500MAX
21:29:03.380 [Command Trace FROM host: CWID TRUE
21:29:03.381  Command Trace TO Host CWID now TRUE
21:29:03.382 [Command Trace FROM host: VERSION
21:29:03.382  Command Trace TO Host VERSION ARDOP TNC_1.0.4.1j-BPQ
21:29:06.399 [Command Trace FROM host: ARQCALL K0SI 10
21:29:06.399  Command Trace TO Host ARQCALL K0SI 10
21:29:06.402  Command Trace TO Host NEWSTATE ISS 
21:29:06.402 [SendARQConnectRequest] strMycall=KB3YBE  strTargetCall=K0SI bytPendingSessionID=73
21:29:06.402 Sending Frame Type ConReq500M
21:29:06.402 [Main.KeyPTT]  PTT-TRUE
21:29:08.295 [Main.KeyPTT]  PTT-FALSE
21:29:10.296 Repeating Last Frame
21:29:10.296 Sending Frame Type ConReq500M
21:29:10.297 [Main.KeyPTT]  PTT-TRUE
21:29:12.194 [Main.KeyPTT]  PTT-FALSE
21:29:14.196 Repeating Last Frame
21:29:14.196 Sending Frame Type ConReq500M
21:29:14.196 [Main.KeyPTT]  PTT-TRUE
21:29:16.094 [Main.KeyPTT]  PTT-FALSE
21:29:16.114 Input peaks = -101, 119
21:29:18.096 Repeating Last Frame
21:29:18.096 Sending Frame Type ConReq500M
21:29:18.096 [Main.KeyPTT]  PTT-TRUE
21:29:19.993 [Main.KeyPTT]  PTT-FALSE
21:29:21.994 Repeating Last Frame
21:29:21.994 Sending Frame Type ConReq500M
21:29:21.994 [Main.KeyPTT]  PTT-TRUE
21:29:23.885 [Main.KeyPTT]  PTT-FALSE
21:29:25.886 Repeating Last Frame
21:29:25.886 Sending Frame Type ConReq500M
21:29:25.886 [Main.KeyPTT]  PTT-TRUE
21:29:27.786 [Main.KeyPTT]  PTT-FALSE
21:29:27.806 Input peaks = -122, 113
21:29:29.787 Repeating Last Frame
21:29:29.787 Sending Frame Type ConReq500M
21:29:29.787 [Main.KeyPTT]  PTT-TRUE
21:29:31.696 [Main.KeyPTT]  PTT-FALSE
21:29:33.697 Repeating Last Frame
21:29:33.697 Sending Frame Type ConReq500M
21:29:33.698 [Main.KeyPTT]  PTT-TRUE
21:29:35.595 [Main.KeyPTT]  PTT-FALSE
21:29:37.596 Repeating Last Frame
21:29:37.596 Sending Frame Type ConReq500M
21:29:37.597 [Main.KeyPTT]  PTT-TRUE
21:29:39.495 [Main.KeyPTT]  PTT-FALSE
21:29:39.514 Input peaks = -131, 112
21:29:41.496 Repeating Last Frame
21:29:41.496 Sending Frame Type ConReq500M
21:29:41.496 [Main.KeyPTT]  PTT-TRUE
21:29:43.397 [Main.KeyPTT]  PTT-FALSE
21:29:45.398  Command Trace TO Host BUFFER 0
21:29:45.398  Command Trace TO Host BUFFER 0
21:29:45.398  Command Trace TO Host NEWSTATE DISC 
21:29:45.398  Command Trace TO Host STATUS CONNECT TO K0SI FAILED!
21:29:51.459 Input peaks = -110, 115
